<?xml version="1.0" encoding="UTF-8"?>
<!-- Generated by org.testng.reporters.JUnitReportReporter -->
<testsuite hostname="IBM-PF38QPQH" failures="0" tests="1" name="tests.LoginTest" time="25.309" errors="0" timestamp="2023-06-08T22:42:18 IST" skipped="0">
  <testcase classname="tests.LoginTest" name="verifyLoginWithValidUserDetails" time="25.309"/>
</testsuite> <!-- tests.LoginTest -->
